TN:test
SF:/home/hollbrok/Документы/Prog/System-Programming/4 sem/Binary tree/tests/test.c
FN:5,main
FNDA:1,main
FN:41,testAdd
FNDA:1,testAdd
FN:65,printElem
FNDA:480,printElem
FN:72,testForeach
FNDA:1,testForeach
FN:98,testRemoveElem_and_Show
FNDA:1,testRemoveElem_and_Show
FN:249,testSearch
FNDA:1,testSearch
FN:278,testConstrDeconstr
FNDA:1,testConstrDeconstr
FNF:7
FNH:7
DA:5,1
DA:7,1
DA:11,1
DA:14,1
DA:16,1
BRDA:16,0,0,0
BRDA:16,0,1,1
DA:17,0
DA:19,1
DA:21,1
DA:23,1
DA:25,1
DA:27,1
DA:29,1
DA:31,1
DA:32,1
DA:38,1
DA:41,1
DA:43,1
DA:44,1
DA:45,1
DA:46,1
DA:47,1
DA:48,1
DA:49,1
DA:50,1
DA:51,1
DA:52,1
DA:53,1
DA:54,1
DA:55,1
DA:56,1
DA:60,1
DA:62,1
DA:63,1
DA:65,480
DA:67,480
BRDA:67,0,0,440
BRDA:67,0,1,40
DA:68,440
DA:69,480
DA:72,1
DA:74,11
BRDA:74,0,0,10
BRDA:74,0,1,1
DA:76,10
DA:77,10
DA:78,10
DA:79,10
DA:82,1
DA:84,1
DA:85,1
DA:86,1
DA:90,1
DA:92,1
DA:93,1
DA:95,1
DA:98,1
DA:100,1
DA:102,1
DA:103,1
DA:104,1
DA:106,1
DA:108,1
DA:109,1
DA:110,1
DA:111,1
DA:115,1
DA:119,1
DA:120,1
DA:122,1
DA:123,1
DA:126,1
DA:127,1
DA:129,1
DA:131,1
DA:132,1
DA:134,1
DA:136,1
DA:137,1
DA:138,1
DA:140,1
DA:142,1
DA:143,1
DA:144,1
DA:146,1
DA:147,1
DA:149,1
DA:153,1
DA:157,1
DA:158,1
DA:160,1
DA:161,1
DA:163,1
DA:164,1
DA:165,1
DA:167,1
DA:170,1
DA:171,1
DA:172,1
DA:174,1
DA:175,1
DA:177,1
DA:179,1
DA:181,1
DA:185,1
DA:186,1
DA:187,1
DA:188,1
DA:189,1
DA:190,1
DA:191,1
DA:192,1
DA:193,1
DA:194,1
DA:195,1
DA:196,1
DA:197,1
DA:198,1
DA:199,1
DA:200,1
DA:203,1
DA:204,1
DA:205,1
DA:206,1
DA:207,1
DA:208,1
DA:209,1
DA:210,1
DA:211,1
DA:212,1
DA:215,1
DA:216,1
DA:217,1
DA:218,1
DA:220,1
DA:221,1
DA:224,1
DA:225,1
DA:227,1
DA:228,1
DA:230,1
DA:234,1
DA:237,1
DA:238,1
DA:239,1
DA:241,1
DA:243,1
DA:246,1
DA:249,1
DA:251,1
DA:254,1
DA:255,1
DA:257,1
DA:258,1
DA:259,1
DA:260,1
DA:261,1
DA:262,1
DA:263,1
DA:264,1
DA:265,1
DA:266,1
DA:267,1
DA:268,1
DA:270,1
DA:272,1
DA:274,1
DA:276,1
DA:278,1
DA:280,1
DA:282,1
DA:283,1
BRF:6
BRH:5
LF:167
LH:166
end_of_record
TN:test
SF:/home/hollbrok/Документы/Prog/System-Programming/4 sem/Binary tree/src/bintree_func.c
FN:24,TEST_calloc
FNDA:3,TEST_calloc
FN:34,createTree
FNDA:3,createTree
FN:39,add
FNDA:72,add
FN:71,addTo
FNDA:302,addTo
FN:100,removeElem
FNDA:30,removeElem
FN:122,removeElemFrom
FNDA:91,removeElemFrom
FN:184,removeRoot
FNDA:5,removeRoot
FN:211,clear
FNDA:10,clear
FN:232,clearFrom
FNDA:79,clearFrom
FN:247,search
FNDA:3,search
FN:258,searchFrom
FNDA:2,searchFrom
FN:282,foreach
FNDA:44,foreach
FN:299,foreachFrom
FNDA:503,foreachFrom
FN:346,show_tree
FNDA:4,show_tree
FN:367,graphviz_beauty_dump
FNDA:3,graphviz_beauty_dump
FN:398,printInfo
FNDA:12,printInfo
FN:420,print_all_elements_beauty
FNDA:1,print_all_elements_beauty
FNF:17
FNH:17
DA:24,3
DA:28,3
BRDA:28,0,0,3
BRDA:28,0,1,0
BRDA:28,0,2,1
BRDA:28,0,3,2
DA:29,1
DA:31,2
DA:34,3
DA:36,3
DA:39,72
DA:41,72
BRDA:41,0,0,1
BRDA:41,0,1,71
DA:43,1
DA:44,1
DA:47,71
DA:48,71
BRDA:48,0,0,2
BRDA:48,0,1,69
DA:49,2
DA:51,69
DA:53,69
DA:55,69
BRDA:55,0,0,6
BRDA:55,0,1,63
DA:57,6
DA:58,6
DA:59,6
DA:62,63
BRDA:62,0,0,59
BRDA:62,0,1,4
DA:63,59
DA:65,4
DA:67,63
DA:71,302
DA:73,302
BRDA:73,0,0,296
BRDA:73,0,1,6
BRDA:73,0,2,0
BRDA:73,0,3,296
DA:74,6
DA:76,296
BRDA:76,0,0,4
BRDA:76,0,1,292
DA:77,4
DA:80,292
BRDA:80,0,0,140
BRDA:80,0,1,152
DA:82,140
BRDA:82,0,0,109
BRDA:82,0,1,31
DA:83,109
DA:85,31
DA:87,152
BRDA:87,0,0,152
BRDA:87,0,1,0
DA:89,152
BRDA:89,0,0,124
BRDA:89,0,1,28
DA:90,124
DA:92,28
DA:96,59
DA:100,30
DA:102,30
BRDA:102,0,0,1
BRDA:102,0,1,29
DA:104,1
DA:105,1
DA:108,29
BRDA:108,0,0,1
BRDA:108,0,1,28
DA:109,1
DA:111,28
BRDA:111,0,0,5
BRDA:111,0,1,23
DA:112,5
DA:114,23
DA:115,23
BRDA:115,0,0,22
BRDA:115,0,1,1
DA:116,22
DA:118,23
DA:122,91
DA:124,91
BRDA:124,0,0,0
BRDA:124,0,1,91
DA:126,0
DA:127,0
DA:131,91
BRDA:131,0,0,51
BRDA:131,0,1,40
DA:133,51
BRDA:133,0,0,51
BRDA:133,0,1,0
BRDA:133,0,2,38
BRDA:133,0,3,13
DA:134,38
DA:135,13
BRDA:135,0,0,13
BRDA:135,0,1,0
DA:137,13
DA:138,13
BRDA:138,0,0,3
BRDA:138,0,1,10
DA:140,3
DA:141,7
BRDA:141,0,0,4
BRDA:141,0,1,3
DA:142,4
DA:144,3
DA:145,3
DA:147,10
BRDA:147,0,0,6
BRDA:147,0,1,4
DA:148,6
DA:150,4
DA:152,13
DA:153,13
DA:157,40
BRDA:157,0,0,39
BRDA:157,0,1,1
BRDA:157,0,2,30
BRDA:157,0,3,9
DA:158,30
DA:159,10
BRDA:159,0,0,9
BRDA:159,0,1,1
DA:161,9
DA:162,9
BRDA:162,0,0,5
BRDA:162,0,1,4
DA:164,5
DA:165,8
BRDA:165,0,0,3
BRDA:165,0,1,5
DA:166,3
DA:168,5
DA:169,5
DA:171,4
BRDA:171,0,0,2
BRDA:171,0,1,2
DA:172,2
DA:174,2
DA:176,9
DA:177,9
DA:181,1
DA:184,5
DA:186,5
DA:188,5
BRDA:188,0,0,1
BRDA:188,0,1,4
BRDA:188,0,2,1
BRDA:188,0,3,0
DA:189,1
DA:190,1
DA:192,3
BRDA:192,0,0,2
BRDA:192,0,1,1
DA:193,2
DA:195,1
DA:197,1
DA:199,4
BRDA:199,0,0,1
BRDA:199,0,1,3
DA:200,1
DA:202,5
DA:203,5
DA:205,5
BRDA:205,0,0,3
BRDA:205,0,1,2
DA:206,3
DA:208,5
DA:211,10
DA:213,10
BRDA:213,0,0,2
BRDA:213,0,1,8
DA:215,2
DA:216,2
DA:219,8
BRDA:219,0,0,3
BRDA:219,0,1,5
BRDA:219,0,2,3
BRDA:219,0,3,0
DA:221,3
DA:223,3
DA:224,3
DA:225,3
DA:228,5
DA:229,5
DA:232,79
DA:234,79
BRDA:234,0,0,41
BRDA:234,0,1,38
DA:237,41
DA:240,38
DA:241,38
DA:243,38
DA:244,38
DA:247,3
DA:249,3
BRDA:249,0,0,1
BRDA:249,0,1,2
DA:251,1
DA:252,1
DA:255,2
DA:258,2
DA:260,2
BRDA:260,0,0,1
BRDA:260,0,1,1
DA:262,1
DA:263,1
DA:266,6
BRDA:266,0,0,3
BRDA:266,0,1,3
BRDA:266,0,2,2
BRDA:266,0,3,1
DA:268,5
BRDA:268,0,0,0
BRDA:268,0,1,5
DA:269,0
DA:271,5
BRDA:271,0,0,3
BRDA:271,0,1,2
BRDA:271,0,2,2
BRDA:271,0,3,1
DA:272,2
DA:274,3
BRDA:274,0,0,3
BRDA:274,0,1,0
BRDA:274,0,2,3
BRDA:274,0,3,0
DA:275,3
DA:278,1
DA:282,44
DA:284,44
BRDA:284,0,0,1
BRDA:284,0,1,43
DA:286,1
DA:287,1
DA:290,43
BRDA:290,0,0,1
BRDA:290,0,1,42
DA:292,1
DA:293,1
DA:296,42
DA:299,503
DA:301,503
BRDA:301,0,0,1
BRDA:301,0,1,502
DA:303,1
DA:304,1
DA:307,502
BRDA:307,0,0,132
BRDA:307,0,1,240
BRDA:307,0,2,120
BRDA:307,0,3,10
DA:309,132
DA:310,132
DA:312,132
BRDA:312,0,0,77
BRDA:312,0,1,55
DA:313,77
DA:314,132
BRDA:314,0,0,44
BRDA:314,0,1,88
DA:315,44
DA:316,132
DA:317,240
DA:318,240
BRDA:318,0,0,140
BRDA:318,0,1,100
DA:319,140
DA:320,240
BRDA:320,0,0,80
BRDA:320,0,1,160
DA:321,80
DA:323,240
DA:324,240
DA:325,120
DA:326,120
BRDA:326,0,0,70
BRDA:326,0,1,50
DA:327,70
DA:329,120
DA:331,120
BRDA:331,0,0,40
BRDA:331,0,1,80
DA:332,40
DA:333,120
DA:334,10
DA:335,10
DA:339,492
DA:346,4
DA:348,4
BRDA:348,0,0,1
BRDA:348,0,1,3
DA:350,1
DA:351,1
DA:354,3
DA:355,3
DA:356,3
DA:358,3
DA:359,3
DA:360,3
DA:361,3
DA:364,3
DA:367,3
DA:369,3
BRDA:369,0,0,0
BRDA:369,0,1,3
DA:371,3
DA:373,3
DA:374,3
BRDA:374,0,0,0
BRDA:374,0,1,3
BRDA:374,0,2,0
BRDA:374,0,3,0
DA:375,0
DA:377,3
DA:378,3
DA:379,3
DA:381,3
DA:383,3
BRDA:383,0,0,1
BRDA:383,0,1,2
DA:385,1
DA:386,1
DA:389,2
DA:391,3
DA:393,3
DA:394,3
DA:398,12
DA:400,12
DA:402,12
BRDA:402,0,0,7
BRDA:402,0,1,5
DA:404,7
DA:406,12
BRDA:406,0,0,4
BRDA:406,0,1,8
DA:408,4
DA:411,12
BRDA:411,0,0,8
BRDA:411,0,1,4
BRDA:411,0,2,5
BRDA:411,0,3,3
DA:412,5
DA:414,7
DA:416,12
DA:420,1
DA:422,1
BRDA:422,0,0,0
BRDA:422,0,1,1
DA:424,1
DA:426,1
BRF:140
BRH:124
LF:216
LH:212
end_of_record
TN:test
SF:/home/hollbrok/Документы/Prog/System-Programming/4 sem/Binary tree/src/bintree_elem_func.c
FN:3,TEST_calloc
FNDA:71,TEST_calloc
FN:13,createElem
FNDA:71,createElem
FN:27,deconstrElem
FNDA:66,deconstrElem
FNF:3
FNH:3
DA:3,71
DA:7,71
BRDA:7,0,0,70
BRDA:7,0,1,1
BRDA:7,0,2,1
BRDA:7,0,3,69
DA:8,2
DA:10,69
DA:13,71
DA:15,71
DA:16,71
BRDA:16,0,0,2
BRDA:16,0,1,69
DA:18,2
DA:19,2
DA:22,69
DA:24,69
DA:27,66
DA:29,66
DA:30,66
BRF:6
BRH:6
LF:14
LH:14
end_of_record
