TN:test
SF:/home/hollbrok/Документы/Prog/System-Programming/4 sem/Binary tree/tests/test.c
FN:10,main
FNDA:0,main
FN:27,_Z9printElemP11bintreeElemPv
FNDA:0,_Z9printElemP11bintreeElemPv
FN:35,_Z11testForeachP7bintree
FNDA:0,_Z11testForeachP7bintree
FNF:3
FNH:0
DA:10,0
DA:12,0
DA:14,0
DA:22,0
DA:24,0
DA:27,0
DA:29,0
BRDA:29,0,0,-
BRDA:29,0,1,-
DA:30,0
DA:32,0
DA:35,0
DA:37,0
BRDA:37,0,0,-
BRDA:37,0,1,-
DA:38,0
BRDA:38,0,0,-
BRDA:38,0,1,-
DA:40,0
DA:41,0
DA:44,0
DA:45,0
BRF:6
BRH:0
LF:16
LH:0
end_of_record
TN:test
SF:/home/hollbrok/Документы/Prog/System-Programming/4 sem/Binary tree/tests/test.c
FN:15,main
FNDA:1,main
FN:36,testAdd
FNDA:1,testAdd
FN:55,printElem
FNDA:480,printElem
FN:62,testForeach
FNDA:1,testForeach
FN:83,testRemoveElem_and_Show
FNDA:1,testRemoveElem_and_Show
FN:222,testSearch
FNDA:1,testSearch
FN:246,testConstrDeconstr
FNDA:1,testConstrDeconstr
FNF:7
FNH:7
DA:15,1
DA:17,1
DA:19,1
DA:21,1
DA:23,1
DA:25,1
DA:27,1
DA:29,1
DA:31,1
DA:33,1
DA:36,1
DA:38,1
DA:39,1
DA:40,1
DA:41,1
DA:42,1
DA:43,1
DA:44,1
DA:45,1
DA:46,1
DA:47,1
DA:48,1
DA:49,1
DA:50,1
DA:52,1
DA:53,1
DA:55,480
DA:57,480
BRDA:57,0,0,440
BRDA:57,0,1,40
DA:58,440
DA:59,480
DA:62,1
DA:64,1
DA:65,11
BRDA:65,0,0,10
BRDA:65,0,1,1
DA:67,10
DA:68,10
DA:69,10
DA:70,10
DA:73,1
DA:75,1
DA:76,1
DA:77,1
DA:79,1
DA:80,1
DA:83,1
DA:85,1
DA:87,1
DA:88,1
DA:92,1
DA:93,1
DA:94,1
DA:95,1
DA:97,1
DA:101,1
DA:102,1
DA:104,1
DA:105,1
DA:107,1
DA:108,1
DA:110,1
DA:112,1
DA:113,1
DA:115,1
DA:117,1
DA:118,1
DA:119,1
DA:121,1
DA:124,1
DA:125,1
DA:126,1
DA:128,1
DA:129,1
DA:131,1
DA:135,1
DA:137,1
DA:138,1
DA:140,1
DA:141,1
DA:143,1
DA:144,1
DA:145,1
DA:147,1
DA:150,1
DA:151,1
DA:152,1
DA:154,1
DA:155,1
DA:157,1
DA:159,1
DA:161,1
DA:165,1
DA:166,1
DA:167,1
DA:168,1
DA:169,1
DA:170,1
DA:171,1
DA:172,1
DA:173,1
DA:174,1
DA:175,1
DA:176,1
DA:177,1
DA:178,1
DA:179,1
DA:180,1
DA:183,1
DA:184,1
DA:185,1
DA:186,1
DA:187,1
DA:188,1
DA:189,1
DA:190,1
DA:191,1
DA:192,1
DA:195,1
DA:196,1
DA:197,1
DA:198,1
DA:200,1
DA:201,1
DA:204,1
DA:205,1
DA:207,1
DA:208,1
DA:210,1
DA:211,1
DA:214,1
DA:215,1
DA:216,1
DA:219,1
DA:222,1
DA:224,1
DA:226,1
DA:227,1
DA:229,1
DA:230,1
DA:231,1
DA:232,1
DA:233,1
DA:234,1
DA:235,1
DA:236,1
DA:237,1
DA:238,1
DA:239,1
DA:240,1
DA:242,1
DA:244,1
DA:246,1
DA:248,1
DA:249,1
DA:250,1
DA:251,1
BRF:4
BRH:4
LF:154
LH:154
end_of_record
TN:test
SF:/home/hollbrok/Документы/Prog/System-Programming/4 sem/Binary tree/src/bintree_func.c
FN:3,TEST_calloc
FNDA:71,TEST_calloc
FN:20,createTree
FNDA:2,createTree
FN:40,add
FNDA:72,add
FN:80,addTo
FNDA:222,addTo
FN:116,removeElem
FNDA:30,removeElem
FN:226,removeElemFrom
FNDA:33,removeElemFrom
FN:283,clear
FNDA:5,clear
FN:306,clearFrom
FNDA:32,clearFrom
FN:318,search
FNDA:3,search
FN:332,searchFrom
FNDA:19,searchFrom
FN:352,foreach
FNDA:43,foreach
FN:375,foreachFrom
FNDA:490,foreachFrom
FN:416,show_tree
FNDA:3,show_tree
FN:439,graphviz_beauty_dump
FNDA:2,graphviz_beauty_dump
FN:470,print_all_elements_beauty
FNDA:17,print_all_elements_beauty
FNF:15
FNH:15
DA:3,71
DA:7,71
BRDA:7,0,0,2
BRDA:7,0,1,69
DA:9,2
DA:10,2
DA:14,69
DA:15,69
DA:20,2
DA:22,2
DA:23,2
DA:24,2
BRDA:24,0,0,1
BRDA:24,0,1,1
DA:26,1
DA:27,1
DA:28,1
DA:31,1
DA:32,1
DA:33,1
DA:34,1
DA:35,1
DA:37,1
DA:40,72
DA:42,72
BRDA:42,0,0,1
BRDA:42,0,1,71
DA:44,1
DA:45,1
DA:48,71
DA:49,71
BRDA:49,0,0,2
BRDA:49,0,1,69
DA:51,2
DA:52,2
DA:55,69
DA:57,69
DA:59,69
BRDA:59,0,0,6
BRDA:59,0,1,63
DA:62,6
DA:63,6
DA:68,63
DA:70,63
BRDA:70,0,0,60
BRDA:70,0,1,3
DA:71,60
DA:73,63
DA:77,6
DA:80,222
DA:84,222
BRDA:84,0,0,121
BRDA:84,0,1,101
DA:86,121
BRDA:86,0,0,33
BRDA:86,0,1,88
DA:89,33
DA:95,88
DA:98,101
BRDA:98,0,0,98
BRDA:98,0,1,3
DA:100,98
BRDA:100,0,0,27
BRDA:100,0,1,71
DA:101,27
DA:103,71
DA:108,3
DA:113,60
DA:116,30
DA:118,30
BRDA:118,0,0,1
BRDA:118,0,1,29
DA:120,1
DA:121,1
DA:124,29
BRDA:124,0,0,5
BRDA:124,0,1,24
DA:126,5
DA:130,24
DA:132,24
BRDA:132,0,0,4
BRDA:132,0,1,20
DA:134,4
DA:136,4
BRDA:136,0,0,1
BRDA:136,0,1,3
DA:138,1
BRDA:138,0,0,1
BRDA:138,0,1,0
DA:140,1
DA:142,3
BRDA:142,0,0,2
BRDA:142,0,1,1
DA:143,2
DA:145,1
DA:148,1
DA:150,3
BRDA:150,0,0,1
BRDA:150,0,1,2
DA:151,1
DA:153,4
DA:154,4
DA:155,4
DA:159,20
BRDA:159,0,0,10
BRDA:159,0,1,10
DA:161,10
BRDA:161,0,0,10
BRDA:161,0,1,0
BRDA:161,0,2,5
BRDA:161,0,3,5
DA:162,5
DA:163,5
BRDA:163,0,0,5
BRDA:163,0,1,0
DA:165,5
DA:167,5
BRDA:167,0,0,2
BRDA:167,0,1,3
DA:169,2
DA:170,4
BRDA:170,0,0,2
BRDA:170,0,1,2
DA:171,2
DA:173,2
DA:175,2
DA:178,3
BRDA:178,0,0,1
BRDA:178,0,1,2
DA:179,1
DA:182,2
DA:185,5
DA:190,10
BRDA:190,0,0,10
BRDA:190,0,1,0
BRDA:190,0,2,6
BRDA:190,0,3,4
DA:191,6
DA:192,4
BRDA:192,0,0,4
BRDA:192,0,1,0
DA:194,4
DA:196,4
BRDA:196,0,0,2
BRDA:196,0,1,2
DA:198,2
DA:199,3
BRDA:199,0,0,1
BRDA:199,0,1,2
DA:200,1
DA:202,2
DA:204,2
DA:207,2
BRDA:207,0,0,1
BRDA:207,0,1,1
DA:208,1
DA:211,1
DA:214,4
DA:217,20
BRDA:217,0,0,20
BRDA:217,0,1,0
DA:218,20
DA:222,24
DA:226,33
DA:228,33
BRDA:228,0,0,20
BRDA:228,0,1,13
DA:230,20
BRDA:230,0,0,20
BRDA:230,0,1,0
BRDA:230,0,2,15
BRDA:230,0,3,5
DA:231,15
DA:232,5
BRDA:232,0,0,5
BRDA:232,0,1,0
DA:234,5
DA:235,5
BRDA:235,0,0,1
BRDA:235,0,1,4
DA:237,1
DA:238,4
BRDA:238,0,0,3
BRDA:238,0,1,1
DA:239,3
DA:241,1
DA:242,1
DA:244,4
BRDA:244,0,0,3
BRDA:244,0,1,1
DA:245,3
DA:248,1
DA:251,5
DA:256,13
BRDA:256,0,0,12
BRDA:256,0,1,1
BRDA:256,0,2,7
BRDA:256,0,3,5
DA:257,7
DA:258,6
BRDA:258,0,0,5
BRDA:258,0,1,1
DA:260,5
DA:261,5
BRDA:261,0,0,3
BRDA:261,0,1,2
DA:263,3
DA:264,4
BRDA:264,0,0,1
BRDA:264,0,1,3
DA:265,1
DA:267,3
DA:268,3
DA:270,2
BRDA:270,0,0,1
BRDA:270,0,1,1
DA:271,1
DA:274,1
DA:277,5
DA:281,11
DA:283,5
DA:285,5
BRDA:285,0,0,1
BRDA:285,0,1,4
DA:287,1
DA:288,1
DA:291,4
BRDA:291,0,0,3
BRDA:291,0,1,1
BRDA:291,0,2,3
BRDA:291,0,3,0
DA:293,3
DA:295,3
DA:297,3
DA:301,1
DA:302,1
DA:306,32
DA:308,32
DA:310,32
BRDA:310,0,0,16
BRDA:310,0,1,16
DA:311,16
DA:312,32
BRDA:312,0,0,13
BRDA:312,0,1,19
DA:313,13
DA:315,32
DA:318,3
DA:320,3
BRDA:320,0,0,1
BRDA:320,0,1,2
DA:322,1
DA:323,1
DA:326,2
BRDA:326,0,0,1
BRDA:326,0,1,1
DA:327,1
DA:329,1
DA:332,19
DA:334,19
BRDA:334,0,0,1
BRDA:334,0,1,18
DA:335,1
DA:338,18
DA:340,18
BRDA:340,0,0,12
BRDA:340,0,1,6
DA:341,12
BRDA:341,0,0,3
BRDA:341,0,1,9
DA:342,3
DA:343,15
BRDA:343,0,0,6
BRDA:343,0,1,9
DA:344,6
BRDA:344,0,0,3
BRDA:344,0,1,3
DA:345,3
DA:346,12
DA:352,43
DA:354,43
BRDA:354,0,0,1
BRDA:354,0,1,42
DA:356,1
DA:357,1
DA:360,42
BRDA:360,0,0,1
BRDA:360,0,1,41
DA:362,1
DA:363,1
DA:366,41
BRDA:366,0,0,1
BRDA:366,0,1,40
DA:368,1
DA:369,1
DA:372,40
DA:375,490
DA:377,490
BRDA:377,0,0,120
BRDA:377,0,1,240
BRDA:377,0,2,120
BRDA:377,0,3,10
DA:379,120
DA:380,120
DA:382,120
BRDA:382,0,0,70
BRDA:382,0,1,50
DA:383,70
DA:384,120
BRDA:384,0,0,40
BRDA:384,0,1,80
DA:385,40
DA:386,120
DA:387,240
DA:388,240
BRDA:388,0,0,140
BRDA:388,0,1,100
DA:389,140
DA:390,240
BRDA:390,0,0,80
BRDA:390,0,1,160
DA:391,80
DA:393,240
DA:394,240
DA:395,120
DA:396,120
BRDA:396,0,0,70
BRDA:396,0,1,50
DA:397,70
DA:399,120
DA:401,120
BRDA:401,0,0,40
BRDA:401,0,1,80
DA:402,40
DA:403,120
DA:404,10
DA:405,10
DA:409,480
DA:416,3
DA:418,3
BRDA:418,0,0,1
BRDA:418,0,1,2
DA:420,1
DA:421,1
DA:424,2
DA:425,2
DA:426,2
DA:428,2
DA:429,2
DA:430,2
DA:431,2
DA:436,2
DA:439,2
DA:441,2
BRDA:441,0,0,0
BRDA:441,0,1,2
DA:443,2
DA:444,2
BRDA:444,0,0,2
BRDA:444,0,1,0
DA:445,2
BRDA:445,0,0,2
BRDA:445,0,1,0
DA:446,2
DA:448,0
DA:450,2
DA:451,2
DA:452,2
DA:454,2
DA:456,2
BRDA:456,0,0,1
BRDA:456,0,1,1
DA:458,1
DA:459,1
DA:462,1
DA:464,2
DA:466,2
DA:467,2
DA:470,17
DA:472,17
BRDA:472,0,0,0
BRDA:472,0,1,17
DA:474,17
BRDA:474,0,0,10
BRDA:474,0,1,7
DA:476,10
DA:477,10
DA:479,17
BRDA:479,0,0,6
BRDA:479,0,1,11
DA:481,6
DA:482,6
DA:485,17
BRDA:485,0,0,11
BRDA:485,0,1,6
BRDA:485,0,2,4
BRDA:485,0,3,7
DA:486,4
DA:488,13
DA:489,17
BRF:154
BRH:141
LF:246
LH:245
end_of_record
TN:test
SF:/home/hollbrok/Документы/Prog/System-Programming/4 sem/Binary tree/src/bintree_elem_func.c
FN:3,createElem
FNDA:70,createElem
FN:18,deconstrElem
FNDA:56,deconstrElem
FNF:2
FNH:2
DA:3,70
DA:5,70
BRDA:5,0,0,1
BRDA:5,0,1,69
DA:7,1
DA:8,1
DA:11,69
DA:12,69
DA:13,69
DA:15,69
DA:18,56
DA:20,56
BRDA:20,0,0,1
BRDA:20,0,1,55
DA:22,1
DA:23,1
DA:27,55
DA:28,55
DA:29,55
DA:31,55
DA:32,55
DA:34,55
BRF:4
BRH:4
LF:18
LH:18
end_of_record
